{"/home/lven/OLD_PK/test_Syntech/src/components/Form/Form.jsx": {"path":"/home/lven/OLD_PK/test_Syntech/src/components/Form/Form.jsx","statementMap":{"0":{"start":{"line":28,"column":17},"end":{"line":28,"column":18}},"1":{"start":{"line":30,"column":20},"end":{"line":179,"column":1}},"2":{"start":{"line":33,"column":17},"end":{"line":33,"column":28}},"3":{"start":{"line":34,"column":28},"end":{"line":34,"column":39}},"4":{"start":{"line":35,"column":38},"end":{"line":35,"column":53}},"5":{"start":{"line":36,"column":21},"end":{"line":36,"column":73}},"6":{"start":{"line":36,"column":42},"end":{"line":36,"column":72}},"7":{"start":{"line":37,"column":25},"end":{"line":37,"column":41}},"8":{"start":{"line":38,"column":20},"end":{"line":38,"column":30}},"9":{"start":{"line":39,"column":19},"end":{"line":39,"column":36}},"10":{"start":{"line":41,"column":21},"end":{"line":58,"column":3}},"11":{"start":{"line":42,"column":4},"end":{"line":57,"column":5}},"12":{"start":{"line":44,"column":8},"end":{"line":44,"column":34}},"13":{"start":{"line":45,"column":8},"end":{"line":45,"column":19}},"14":{"start":{"line":46,"column":8},"end":{"line":46,"column":14}},"15":{"start":{"line":50,"column":8},"end":{"line":50,"column":34}},"16":{"start":{"line":51,"column":8},"end":{"line":51,"column":19}},"17":{"start":{"line":52,"column":8},"end":{"line":52,"column":14}},"18":{"start":{"line":56,"column":8},"end":{"line":56,"column":14}},"19":{"start":{"line":60,"column":2},"end":{"line":178,"column":4}},"20":{"start":{"line":93,"column":46},"end":{"line":93,"column":80}},"21":{"start":{"line":94,"column":46},"end":{"line":94,"column":80}},"22":{"start":{"line":95,"column":46},"end":{"line":95,"column":80}},"23":{"start":{"line":120,"column":16},"end":{"line":120,"column":35}},"24":{"start":{"line":130,"column":16},"end":{"line":130,"column":36}},"25":{"start":{"line":159,"column":12},"end":{"line":159,"column":36}}},"fnMap":{"0":{"name":"(anonymous_0)","decl":{"start":{"line":30,"column":20},"end":{"line":30,"column":21}},"loc":{"start":{"line":32,"column":6},"end":{"line":179,"column":1}},"line":32},"1":{"name":"(anonymous_1)","decl":{"start":{"line":36,"column":33},"end":{"line":36,"column":34}},"loc":{"start":{"line":36,"column":42},"end":{"line":36,"column":72}},"line":36},"2":{"name":"(anonymous_2)","decl":{"start":{"line":41,"column":21},"end":{"line":41,"column":22}},"loc":{"start":{"line":41,"column":33},"end":{"line":58,"column":3}},"line":41},"3":{"name":"(anonymous_3)","decl":{"start":{"line":93,"column":37},"end":{"line":93,"column":38}},"loc":{"start":{"line":93,"column":46},"end":{"line":93,"column":80}},"line":93},"4":{"name":"(anonymous_4)","decl":{"start":{"line":94,"column":37},"end":{"line":94,"column":38}},"loc":{"start":{"line":94,"column":46},"end":{"line":94,"column":80}},"line":94},"5":{"name":"(anonymous_5)","decl":{"start":{"line":95,"column":37},"end":{"line":95,"column":38}},"loc":{"start":{"line":95,"column":46},"end":{"line":95,"column":80}},"line":95},"6":{"name":"(anonymous_6)","decl":{"start":{"line":119,"column":23},"end":{"line":119,"column":24}},"loc":{"start":{"line":119,"column":29},"end":{"line":121,"column":15}},"line":119},"7":{"name":"(anonymous_7)","decl":{"start":{"line":129,"column":23},"end":{"line":129,"column":24}},"loc":{"start":{"line":129,"column":29},"end":{"line":131,"column":15}},"line":129},"8":{"name":"(anonymous_8)","decl":{"start":{"line":158,"column":19},"end":{"line":158,"column":20}},"loc":{"start":{"line":158,"column":25},"end":{"line":160,"column":11}},"line":158}},"branchMap":{"0":{"loc":{"start":{"line":42,"column":4},"end":{"line":57,"column":5}},"type":"switch","locations":[{"start":{"line":43,"column":6},"end":{"line":47,"column":7}},{"start":{"line":49,"column":6},"end":{"line":53,"column":7}},{"start":{"line":55,"column":6},"end":{"line":56,"column":14}}],"line":42},"1":{"loc":{"start":{"line":67,"column":9},"end":{"line":67,"column":43}},"type":"cond-expr","locations":[{"start":{"line":67,"column":20},"end":{"line":67,"column":32}},{"start":{"line":67,"column":35},"end":{"line":67,"column":43}}],"line":67},"2":{"loc":{"start":{"line":81,"column":37},"end":{"line":81,"column":79}},"type":"cond-expr","locations":[{"start":{"line":81,"column":54},"end":{"line":81,"column":75}},{"start":{"line":81,"column":78},"end":{"line":81,"column":79}}],"line":81},"3":{"loc":{"start":{"line":151,"column":19},"end":{"line":151,"column":35}},"type":"cond-expr","locations":[{"start":{"line":151,"column":30},"end":{"line":151,"column":31}},{"start":{"line":151,"column":34},"end":{"line":151,"column":35}}],"line":151},"4":{"loc":{"start":{"line":152,"column":25},"end":{"line":152,"column":54}},"type":"cond-expr","locations":[{"start":{"line":152,"column":36},"end":{"line":152,"column":42}},{"start":{"line":152,"column":45},"end":{"line":152,"column":54}}],"line":152},"5":{"loc":{"start":{"line":159,"column":20},"end":{"line":159,"column":35}},"type":"binary-expr","locations":[{"start":{"line":159,"column":21},"end":{"line":159,"column":29}},{"start":{"line":159,"column":34},"end":{"line":159,"column":35}}],"line":159},"6":{"loc":{"start":{"line":162,"column":24},"end":{"line":162,"column":56}},"type":"cond-expr","locations":[{"start":{"line":162,"column":36},"end":{"line":162,"column":44}},{"start":{"line":162,"column":47},"end":{"line":162,"column":56}}],"line":162}},"s":{"0":2,"1":2,"2":7,"3":7,"4":7,"5":7,"6":22,"7":7,"8":7,"9":7,"10":7,"11":3,"12":1,"13":1,"14":1,"15":1,"16":1,"17":1,"18":1,"19":7,"20":0,"21":0,"22":0,"23":1,"24":1,"25":1},"f":{"0":7,"1":22,"2":3,"3":0,"4":0,"5":0,"6":1,"7":1,"8":1},"b":{"0":[1,1,1],"1":[3,4],"2":[5,2],"3":[3,4],"4":[3,4],"5":[1,0],"6":[2,5]},"_coverageSchema":"1a1c01bbd47fc00a2c39e90264f33305004495a9","hash":"edc2a7a388ef6ab6903397ded85ca08768ab7eb4"}
,"/home/lven/OLD_PK/test_Syntech/src/components/Form/index.js": {"path":"/home/lven/OLD_PK/test_Syntech/src/components/Form/index.js","statementMap":{"0":{"start":{"line":5,"column":13},"end":{"line":5,"column":85}},"1":{"start":{"line":5,"column":28},"end":{"line":5,"column":84}},"2":{"start":{"line":10,"column":4},"end":{"line":10,"column":67}},"3":{"start":{"line":10,"column":23},"end":{"line":10,"column":67}}},"fnMap":{"0":{"name":"(anonymous_0)","decl":{"start":{"line":5,"column":22},"end":{"line":5,"column":23}},"loc":{"start":{"line":5,"column":28},"end":{"line":5,"column":84}},"line":5},"1":{"name":"(anonymous_1)","decl":{"start":{"line":9,"column":12},"end":{"line":9,"column":13}},"loc":{"start":{"line":9,"column":41},"end":{"line":11,"column":3}},"line":9}},"branchMap":{"0":{"loc":{"start":{"line":10,"column":4},"end":{"line":10,"column":67}},"type":"if","locations":[{"start":{"line":10,"column":4},"end":{"line":10,"column":67}},{"start":{"line":10,"column":4},"end":{"line":10,"column":67}}],"line":10}},"s":{"0":1,"1":1,"2":1,"3":0},"f":{"0":1,"1":1},"b":{"0":[0,1]},"_coverageSchema":"1a1c01bbd47fc00a2c39e90264f33305004495a9","hash":"c889793f8c3c9b74206fea84455cbd2c7198c039"}
,"/home/lven/OLD_PK/test_Syntech/src/components/Form/styles.js": {"path":"/home/lven/OLD_PK/test_Syntech/src/components/Form/styles.js","statementMap":{"0":{"start":{"line":3,"column":25},"end":{"line":69,"column":2}}},"fnMap":{},"branchMap":{},"s":{"0":2},"f":{},"b":{},"_coverageSchema":"1a1c01bbd47fc00a2c39e90264f33305004495a9","hash":"c43644fa42da316a4bbf65c9a1b55233c737d7fa"}
,"/home/lven/OLD_PK/test_Syntech/src/components/Form/validation.js": {"path":"/home/lven/OLD_PK/test_Syntech/src/components/Form/validation.js","statementMap":{"0":{"start":{"line":3,"column":33},"end":{"line":41,"column":1}},"1":{"start":{"line":8,"column":6},"end":{"line":8,"column":12}},"2":{"start":{"line":10,"column":18},"end":{"line":10,"column":171}},"3":{"start":{"line":12,"column":2},"end":{"line":20,"column":3}},"4":{"start":{"line":13,"column":4},"end":{"line":15,"column":6}},"5":{"start":{"line":16,"column":9},"end":{"line":20,"column":3}},"6":{"start":{"line":17,"column":4},"end":{"line":19,"column":6}},"7":{"start":{"line":22,"column":2},"end":{"line":38,"column":3}},"8":{"start":{"line":23,"column":4},"end":{"line":25,"column":6}},"9":{"start":{"line":26,"column":9},"end":{"line":38,"column":3}},"10":{"start":{"line":27,"column":4},"end":{"line":29,"column":6}},"11":{"start":{"line":30,"column":9},"end":{"line":38,"column":3}},"12":{"start":{"line":31,"column":4},"end":{"line":33,"column":6}},"13":{"start":{"line":34,"column":9},"end":{"line":38,"column":3}},"14":{"start":{"line":35,"column":4},"end":{"line":37,"column":6}},"15":{"start":{"line":40,"column":2},"end":{"line":40,"column":14}},"16":{"start":{"line":43,"column":33},"end":{"line":99,"column":1}},"17":{"start":{"line":48,"column":6},"end":{"line":48,"column":12}},"18":{"start":{"line":50,"column":2},"end":{"line":62,"column":3}},"19":{"start":{"line":51,"column":4},"end":{"line":53,"column":6}},"20":{"start":{"line":54,"column":9},"end":{"line":62,"column":3}},"21":{"start":{"line":55,"column":4},"end":{"line":57,"column":6}},"22":{"start":{"line":58,"column":9},"end":{"line":62,"column":3}},"23":{"start":{"line":59,"column":4},"end":{"line":61,"column":6}},"24":{"start":{"line":64,"column":15},"end":{"line":64,"column":45}},"25":{"start":{"line":66,"column":2},"end":{"line":78,"column":3}},"26":{"start":{"line":67,"column":4},"end":{"line":69,"column":6}},"27":{"start":{"line":70,"column":9},"end":{"line":78,"column":3}},"28":{"start":{"line":71,"column":4},"end":{"line":73,"column":6}},"29":{"start":{"line":74,"column":9},"end":{"line":78,"column":3}},"30":{"start":{"line":75,"column":4},"end":{"line":77,"column":6}},"31":{"start":{"line":80,"column":14},"end":{"line":80,"column":24}},"32":{"start":{"line":81,"column":16},"end":{"line":81,"column":74}},"33":{"start":{"line":82,"column":17},"end":{"line":82,"column":79}},"34":{"start":{"line":85,"column":2},"end":{"line":85,"column":49}},"35":{"start":{"line":86,"column":2},"end":{"line":88,"column":3}},"36":{"start":{"line":87,"column":4},"end":{"line":87,"column":18}},"37":{"start":{"line":90,"column":2},"end":{"line":96,"column":3}},"38":{"start":{"line":91,"column":4},"end":{"line":95,"column":6}},"39":{"start":{"line":98,"column":2},"end":{"line":98,"column":14}}},"fnMap":{"0":{"name":"(anonymous_0)","decl":{"start":{"line":3,"column":33},"end":{"line":3,"column":34}},"loc":{"start":{"line":3,"column":43},"end":{"line":41,"column":1}},"line":3},"1":{"name":"(anonymous_1)","decl":{"start":{"line":43,"column":33},"end":{"line":43,"column":34}},"loc":{"start":{"line":43,"column":43},"end":{"line":99,"column":1}},"line":43}},"branchMap":{"0":{"loc":{"start":{"line":12,"column":2},"end":{"line":20,"column":3}},"type":"if","locations":[{"start":{"line":12,"column":2},"end":{"line":20,"column":3}},{"start":{"line":12,"column":2},"end":{"line":20,"column":3}}],"line":12},"1":{"loc":{"start":{"line":16,"column":9},"end":{"line":20,"column":3}},"type":"if","locations":[{"start":{"line":16,"column":9},"end":{"line":20,"column":3}},{"start":{"line":16,"column":9},"end":{"line":20,"column":3}}],"line":16},"2":{"loc":{"start":{"line":16,"column":13},"end":{"line":16,"column":80}},"type":"binary-expr","locations":[{"start":{"line":16,"column":13},"end":{"line":16,"column":33}},{"start":{"line":16,"column":37},"end":{"line":16,"column":57}},{"start":{"line":16,"column":61},"end":{"line":16,"column":80}}],"line":16},"3":{"loc":{"start":{"line":22,"column":2},"end":{"line":38,"column":3}},"type":"if","locations":[{"start":{"line":22,"column":2},"end":{"line":38,"column":3}},{"start":{"line":22,"column":2},"end":{"line":38,"column":3}}],"line":22},"4":{"loc":{"start":{"line":26,"column":9},"end":{"line":38,"column":3}},"type":"if","locations":[{"start":{"line":26,"column":9},"end":{"line":38,"column":3}},{"start":{"line":26,"column":9},"end":{"line":38,"column":3}}],"line":26},"5":{"loc":{"start":{"line":30,"column":9},"end":{"line":38,"column":3}},"type":"if","locations":[{"start":{"line":30,"column":9},"end":{"line":38,"column":3}},{"start":{"line":30,"column":9},"end":{"line":38,"column":3}}],"line":30},"6":{"loc":{"start":{"line":34,"column":9},"end":{"line":38,"column":3}},"type":"if","locations":[{"start":{"line":34,"column":9},"end":{"line":38,"column":3}},{"start":{"line":34,"column":9},"end":{"line":38,"column":3}}],"line":34},"7":{"loc":{"start":{"line":50,"column":2},"end":{"line":62,"column":3}},"type":"if","locations":[{"start":{"line":50,"column":2},"end":{"line":62,"column":3}},{"start":{"line":50,"column":2},"end":{"line":62,"column":3}}],"line":50},"8":{"loc":{"start":{"line":54,"column":9},"end":{"line":62,"column":3}},"type":"if","locations":[{"start":{"line":54,"column":9},"end":{"line":62,"column":3}},{"start":{"line":54,"column":9},"end":{"line":62,"column":3}}],"line":54},"9":{"loc":{"start":{"line":58,"column":9},"end":{"line":62,"column":3}},"type":"if","locations":[{"start":{"line":58,"column":9},"end":{"line":62,"column":3}},{"start":{"line":58,"column":9},"end":{"line":62,"column":3}}],"line":58},"10":{"loc":{"start":{"line":66,"column":2},"end":{"line":78,"column":3}},"type":"if","locations":[{"start":{"line":66,"column":2},"end":{"line":78,"column":3}},{"start":{"line":66,"column":2},"end":{"line":78,"column":3}}],"line":66},"11":{"loc":{"start":{"line":70,"column":9},"end":{"line":78,"column":3}},"type":"if","locations":[{"start":{"line":70,"column":9},"end":{"line":78,"column":3}},{"start":{"line":70,"column":9},"end":{"line":78,"column":3}}],"line":70},"12":{"loc":{"start":{"line":74,"column":9},"end":{"line":78,"column":3}},"type":"if","locations":[{"start":{"line":74,"column":9},"end":{"line":78,"column":3}},{"start":{"line":74,"column":9},"end":{"line":78,"column":3}}],"line":74},"13":{"loc":{"start":{"line":86,"column":2},"end":{"line":88,"column":3}},"type":"if","locations":[{"start":{"line":86,"column":2},"end":{"line":88,"column":3}},{"start":{"line":86,"column":2},"end":{"line":88,"column":3}}],"line":86},"14":{"loc":{"start":{"line":90,"column":2},"end":{"line":96,"column":3}},"type":"if","locations":[{"start":{"line":90,"column":2},"end":{"line":96,"column":3}},{"start":{"line":90,"column":2},"end":{"line":96,"column":3}}],"line":90}},"s":{"0":3,"1":9,"2":9,"3":9,"4":1,"5":8,"6":1,"7":7,"8":1,"9":6,"10":1,"11":5,"12":1,"13":4,"14":1,"15":3,"16":3,"17":7,"18":7,"19":1,"20":6,"21":1,"22":5,"23":1,"24":4,"25":4,"26":1,"27":3,"28":1,"29":2,"30":1,"31":1,"32":1,"33":1,"34":1,"35":1,"36":1,"37":1,"38":0,"39":1},"f":{"0":9,"1":7},"b":{"0":[1,8],"1":[1,7],"2":[8,7,7],"3":[1,6],"4":[1,5],"5":[1,4],"6":[1,3],"7":[1,6],"8":[1,5],"9":[1,4],"10":[1,3],"11":[1,2],"12":[1,1],"13":[1,0],"14":[0,1]},"_coverageSchema":"1a1c01bbd47fc00a2c39e90264f33305004495a9","hash":"4f8f41e954dd4c8efb7c037c82040cb531e50e76"}
,"/home/lven/OLD_PK/test_Syntech/src/components/Form/partitions/FieldInput/FieldInput.jsx": {"path":"/home/lven/OLD_PK/test_Syntech/src/components/Form/partitions/FieldInput/FieldInput.jsx","statementMap":{"0":{"start":{"line":10,"column":20},"end":{"line":24,"column":1}},"1":{"start":{"line":15,"column":2},"end":{"line":23,"column":4}},"2":{"start":{"line":26,"column":26},"end":{"line":41,"column":1}},"3":{"start":{"line":27,"column":17},"end":{"line":27,"column":28}},"4":{"start":{"line":29,"column":2},"end":{"line":40,"column":4}}},"fnMap":{"0":{"name":"(anonymous_0)","decl":{"start":{"line":10,"column":20},"end":{"line":10,"column":21}},"loc":{"start":{"line":14,"column":6},"end":{"line":24,"column":1}},"line":14},"1":{"name":"(anonymous_1)","decl":{"start":{"line":26,"column":26},"end":{"line":26,"column":27}},"loc":{"start":{"line":26,"column":37},"end":{"line":41,"column":1}},"line":26}},"branchMap":{"0":{"loc":{"start":{"line":21,"column":13},"end":{"line":21,"column":33}},"type":"binary-expr","locations":[{"start":{"line":21,"column":13},"end":{"line":21,"column":22}},{"start":{"line":21,"column":26},"end":{"line":21,"column":33}}],"line":21}},"s":{"0":1,"1":6,"2":1,"3":9,"4":9},"f":{"0":6,"1":9},"b":{"0":[6,0]},"_coverageSchema":"1a1c01bbd47fc00a2c39e90264f33305004495a9","hash":"58c878ac92a5bde548e3ac39edaab9f40b49aa2a"}
,"/home/lven/OLD_PK/test_Syntech/src/components/Form/partitions/FieldInput/index.js": {"path":"/home/lven/OLD_PK/test_Syntech/src/components/Form/partitions/FieldInput/index.js","statementMap":{"0":{"start":{"line":4,"column":19},"end":{"line":4,"column":104}},"1":{"start":{"line":4,"column":34},"end":{"line":4,"column":103}}},"fnMap":{"0":{"name":"(anonymous_0)","decl":{"start":{"line":4,"column":28},"end":{"line":4,"column":29}},"loc":{"start":{"line":4,"column":34},"end":{"line":4,"column":103}},"line":4}},"branchMap":{},"s":{"0":2,"1":6},"f":{"0":6},"b":{},"_coverageSchema":"1a1c01bbd47fc00a2c39e90264f33305004495a9","hash":"9ee288a6dfe342bd77c265f8b279f37f0d1ed3b8"}
,"/home/lven/OLD_PK/test_Syntech/src/components/Form/partitions/FieldInput/styles.js": {"path":"/home/lven/OLD_PK/test_Syntech/src/components/Form/partitions/FieldInput/styles.js","statementMap":{"0":{"start":{"line":3,"column":25},"end":{"line":11,"column":2}}},"fnMap":{},"branchMap":{},"s":{"0":1},"f":{},"b":{},"_coverageSchema":"1a1c01bbd47fc00a2c39e90264f33305004495a9","hash":"230ec14caf1e123b31888e71c5ba60ef6f484e5b"}
,"/home/lven/OLD_PK/test_Syntech/src/components/Form/partitions/GenderGroup/GenderGroup.jsx": {"path":"/home/lven/OLD_PK/test_Syntech/src/components/Form/partitions/GenderGroup/GenderGroup.jsx","statementMap":{"0":{"start":{"line":10,"column":27},"end":{"line":75,"column":1}},"1":{"start":{"line":11,"column":17},"end":{"line":11,"column":28}},"2":{"start":{"line":12,"column":19},"end":{"line":12,"column":46}},"3":{"start":{"line":13,"column":20},"end":{"line":13,"column":67}},"4":{"start":{"line":13,"column":41},"end":{"line":13,"column":66}},"5":{"start":{"line":15,"column":2},"end":{"line":74,"column":4}}},"fnMap":{"0":{"name":"(anonymous_0)","decl":{"start":{"line":10,"column":27},"end":{"line":10,"column":28}},"loc":{"start":{"line":10,"column":33},"end":{"line":75,"column":1}},"line":10},"1":{"name":"(anonymous_1)","decl":{"start":{"line":13,"column":32},"end":{"line":13,"column":33}},"loc":{"start":{"line":13,"column":41},"end":{"line":13,"column":66}},"line":13}},"branchMap":{"0":{"loc":{"start":{"line":20,"column":19},"end":{"line":20,"column":66}},"type":"cond-expr","locations":[{"start":{"line":20,"column":42},"end":{"line":20,"column":53}},{"start":{"line":20,"column":56},"end":{"line":20,"column":66}}],"line":20},"1":{"loc":{"start":{"line":21,"column":17},"end":{"line":21,"column":61}},"type":"cond-expr","locations":[{"start":{"line":21,"column":40},"end":{"line":21,"column":49}},{"start":{"line":21,"column":52},"end":{"line":21,"column":61}}],"line":21},"2":{"loc":{"start":{"line":39,"column":19},"end":{"line":39,"column":68}},"type":"cond-expr","locations":[{"start":{"line":39,"column":44},"end":{"line":39,"column":55}},{"start":{"line":39,"column":58},"end":{"line":39,"column":68}}],"line":39},"3":{"loc":{"start":{"line":40,"column":17},"end":{"line":40,"column":63}},"type":"cond-expr","locations":[{"start":{"line":40,"column":42},"end":{"line":40,"column":51}},{"start":{"line":40,"column":54},"end":{"line":40,"column":63}}],"line":40},"4":{"loc":{"start":{"line":58,"column":19},"end":{"line":58,"column":73}},"type":"cond-expr","locations":[{"start":{"line":58,"column":49},"end":{"line":58,"column":60}},{"start":{"line":58,"column":63},"end":{"line":58,"column":73}}],"line":58},"5":{"loc":{"start":{"line":59,"column":17},"end":{"line":59,"column":68}},"type":"cond-expr","locations":[{"start":{"line":59,"column":47},"end":{"line":59,"column":56}},{"start":{"line":59,"column":59},"end":{"line":59,"column":68}}],"line":59}},"s":{"0":1,"1":1,"2":1,"3":1,"4":4,"5":1},"f":{"0":1,"1":4},"b":{"0":[1,0],"1":[1,0],"2":[0,1],"3":[0,1],"4":[0,1],"5":[0,1]},"_coverageSchema":"1a1c01bbd47fc00a2c39e90264f33305004495a9","hash":"2564488dba3bb5995a2961f8b477828f30aee44b"}
,"/home/lven/OLD_PK/test_Syntech/src/components/Form/partitions/GenderGroup/index.js": {"path":"/home/lven/OLD_PK/test_Syntech/src/components/Form/partitions/GenderGroup/index.js","statementMap":{"0":{"start":{"line":4,"column":20},"end":{"line":4,"column":107}},"1":{"start":{"line":4,"column":35},"end":{"line":4,"column":106}}},"fnMap":{"0":{"name":"(anonymous_0)","decl":{"start":{"line":4,"column":29},"end":{"line":4,"column":30}},"loc":{"start":{"line":4,"column":35},"end":{"line":4,"column":106}},"line":4}},"branchMap":{},"s":{"0":2,"1":1},"f":{"0":1},"b":{},"_coverageSchema":"1a1c01bbd47fc00a2c39e90264f33305004495a9","hash":"54ded13d1f9f1d0a3d66ddba5403ee6dcba605e4"}
,"/home/lven/OLD_PK/test_Syntech/src/components/Form/partitions/GenderGroup/styles.js": {"path":"/home/lven/OLD_PK/test_Syntech/src/components/Form/partitions/GenderGroup/styles.js","statementMap":{"0":{"start":{"line":3,"column":25},"end":{"line":27,"column":2}}},"fnMap":{},"branchMap":{},"s":{"0":1},"f":{},"b":{},"_coverageSchema":"1a1c01bbd47fc00a2c39e90264f33305004495a9","hash":"cfcab85be7cfe922b89a3ea7df9686acc4ae2671"}
,"/home/lven/OLD_PK/test_Syntech/src/components/Form/partitions/Select/Select.jsx": {"path":"/home/lven/OLD_PK/test_Syntech/src/components/Form/partitions/Select/Select.jsx","statementMap":{"0":{"start":{"line":7,"column":26},"end":{"line":18,"column":1}},"1":{"start":{"line":13,"column":2},"end":{"line":17,"column":4}},"2":{"start":{"line":20,"column":27},"end":{"line":35,"column":1}},"3":{"start":{"line":21,"column":2},"end":{"line":34,"column":4}}},"fnMap":{"0":{"name":"(anonymous_0)","decl":{"start":{"line":7,"column":26},"end":{"line":7,"column":27}},"loc":{"start":{"line":13,"column":2},"end":{"line":17,"column":4}},"line":13},"1":{"name":"(anonymous_1)","decl":{"start":{"line":20,"column":27},"end":{"line":20,"column":28}},"loc":{"start":{"line":20,"column":33},"end":{"line":35,"column":1}},"line":20}},"branchMap":{},"s":{"0":1,"1":1,"2":1,"3":1},"f":{"0":1,"1":1},"b":{},"_coverageSchema":"1a1c01bbd47fc00a2c39e90264f33305004495a9","hash":"94715698538b03c75061e2aca9712a163f8b3141"}
,"/home/lven/OLD_PK/test_Syntech/src/components/Form/partitions/Select/index.js": {"path":"/home/lven/OLD_PK/test_Syntech/src/components/Form/partitions/Select/index.js","statementMap":{"0":{"start":{"line":4,"column":15},"end":{"line":4,"column":91}},"1":{"start":{"line":4,"column":30},"end":{"line":4,"column":90}}},"fnMap":{"0":{"name":"(anonymous_0)","decl":{"start":{"line":4,"column":24},"end":{"line":4,"column":25}},"loc":{"start":{"line":4,"column":30},"end":{"line":4,"column":90}},"line":4}},"branchMap":{},"s":{"0":2,"1":1},"f":{"0":1},"b":{},"_coverageSchema":"1a1c01bbd47fc00a2c39e90264f33305004495a9","hash":"250d306357c1852fc2feb4b00646d42d780469c4"}
,"/home/lven/OLD_PK/test_Syntech/src/components/withErrorHandler/index.jsx": {"path":"/home/lven/OLD_PK/test_Syntech/src/components/withErrorHandler/index.jsx","statementMap":{"0":{"start":{"line":6,"column":6},"end":{"line":6,"column":14}},"1":{"start":{"line":8,"column":6},"end":{"line":10,"column":8}},"2":{"start":{"line":14,"column":6},"end":{"line":14,"column":38}},"3":{"start":{"line":15,"column":6},"end":{"line":15,"column":41}},"4":{"start":{"line":17,"column":6},"end":{"line":19,"column":9}},"5":{"start":{"line":25,"column":10},"end":{"line":25,"column":20}},"6":{"start":{"line":27,"column":6},"end":{"line":29,"column":7}},"7":{"start":{"line":28,"column":8},"end":{"line":28,"column":20}},"8":{"start":{"line":31,"column":6},"end":{"line":31,"column":43}},"9":{"start":{"line":35,"column":2},"end":{"line":35,"column":26}}},"fnMap":{"0":{"name":"withErrorHandler","decl":{"start":{"line":3,"column":16},"end":{"line":3,"column":32}},"loc":{"start":{"line":3,"column":44},"end":{"line":36,"column":1}},"line":3},"1":{"name":"(anonymous_1)","decl":{"start":{"line":5,"column":4},"end":{"line":5,"column":5}},"loc":{"start":{"line":5,"column":18},"end":{"line":11,"column":5}},"line":5},"2":{"name":"(anonymous_2)","decl":{"start":{"line":13,"column":4},"end":{"line":13,"column":5}},"loc":{"start":{"line":13,"column":35},"end":{"line":20,"column":5}},"line":13},"3":{"name":"(anonymous_3)","decl":{"start":{"line":22,"column":4},"end":{"line":22,"column":5}},"loc":{"start":{"line":22,"column":13},"end":{"line":32,"column":5}},"line":22}},"branchMap":{"0":{"loc":{"start":{"line":27,"column":6},"end":{"line":29,"column":7}},"type":"if","locations":[{"start":{"line":27,"column":6},"end":{"line":29,"column":7}},{"start":{"line":27,"column":6},"end":{"line":29,"column":7}}],"line":27}},"s":{"0":11,"1":11,"2":1,"3":1,"4":1,"5":60,"6":60,"7":1,"8":59,"9":9},"f":{"0":9,"1":11,"2":1,"3":60},"b":{"0":[1,59]},"_coverageSchema":"1a1c01bbd47fc00a2c39e90264f33305004495a9","hash":"03ff891ca21cc3e6fd844888c1788247942fa08b"}
,"/home/lven/OLD_PK/test_Syntech/src/pages/Main/Main.jsx": {"path":"/home/lven/OLD_PK/test_Syntech/src/pages/Main/Main.jsx","statementMap":{"0":{"start":{"line":5,"column":20},"end":{"line":26,"column":1}},"1":{"start":{"line":6,"column":2},"end":{"line":25,"column":4}}},"fnMap":{"0":{"name":"(anonymous_0)","decl":{"start":{"line":5,"column":20},"end":{"line":5,"column":21}},"loc":{"start":{"line":5,"column":26},"end":{"line":26,"column":1}},"line":5}},"branchMap":{},"s":{"0":1,"1":1},"f":{"0":1},"b":{},"_coverageSchema":"1a1c01bbd47fc00a2c39e90264f33305004495a9","hash":"21e4a9d833a9b2ce03c02828b9bc8826e8f9117d"}
,"/home/lven/OLD_PK/test_Syntech/src/pages/Main/index.js": {"path":"/home/lven/OLD_PK/test_Syntech/src/pages/Main/index.js","statementMap":{},"fnMap":{},"branchMap":{},"s":{},"f":{},"b":{},"_coverageSchema":"1a1c01bbd47fc00a2c39e90264f33305004495a9","hash":"43ef023c87b5779f4b4b22e43698ab0391f7986b"}
,"/home/lven/OLD_PK/test_Syntech/src/reducers/index.js": {"path":"/home/lven/OLD_PK/test_Syntech/src/reducers/index.js","statementMap":{},"fnMap":{},"branchMap":{},"s":{},"f":{},"b":{},"_coverageSchema":"1a1c01bbd47fc00a2c39e90264f33305004495a9","hash":"8a39a3f0d874755540c1367c4cef9ed6a82ad921"}
,"/home/lven/OLD_PK/test_Syntech/src/store/index.js": {"path":"/home/lven/OLD_PK/test_Syntech/src/store/index.js","statementMap":{"0":{"start":{"line":6,"column":14},"end":{"line":15,"column":1}},"1":{"start":{"line":7,"column":19},"end":{"line":7,"column":49}},"2":{"start":{"line":9,"column":16},"end":{"line":12,"column":4}},"3":{"start":{"line":14,"column":2},"end":{"line":14,"column":15}}},"fnMap":{"0":{"name":"(anonymous_0)","decl":{"start":{"line":6,"column":14},"end":{"line":6,"column":15}},"loc":{"start":{"line":6,"column":37},"end":{"line":15,"column":1}},"line":6}},"branchMap":{"0":{"loc":{"start":{"line":6,"column":15},"end":{"line":6,"column":32}},"type":"default-arg","locations":[{"start":{"line":6,"column":30},"end":{"line":6,"column":32}}],"line":6},"1":{"loc":{"start":{"line":9,"column":16},"end":{"line":12,"column":4}},"type":"cond-expr","locations":[{"start":{"line":9,"column":69},"end":{"line":9,"column":138}},{"start":{"line":9,"column":141},"end":{"line":12,"column":4}}],"line":9},"2":{"loc":{"start":{"line":9,"column":16},"end":{"line":9,"column":66}},"type":"binary-expr","locations":[{"start":{"line":9,"column":16},"end":{"line":9,"column":45}},{"start":{"line":9,"column":49},"end":{"line":9,"column":66}}],"line":9}},"s":{"0":3,"1":3,"2":3,"3":3},"f":{"0":3},"b":{"0":[3],"1":[3,0],"2":[3,3]},"_coverageSchema":"1a1c01bbd47fc00a2c39e90264f33305004495a9","hash":"54d49af0e2b9c2ccd74a80d2334b7bd926648860"}
,"/home/lven/OLD_PK/test_Syntech/src/utils/getLocalesFromUrl.js": {"path":"/home/lven/OLD_PK/test_Syntech/src/utils/getLocalesFromUrl.js","statementMap":{"0":{"start":{"line":3,"column":32},"end":{"line":8,"column":1}},"1":{"start":{"line":4,"column":20},"end":{"line":4,"column":58}},"2":{"start":{"line":5,"column":24},"end":{"line":5,"column":110}},"3":{"start":{"line":7,"column":2},"end":{"line":7,"column":23}}},"fnMap":{"0":{"name":"(anonymous_0)","decl":{"start":{"line":3,"column":32},"end":{"line":3,"column":33}},"loc":{"start":{"line":3,"column":46},"end":{"line":8,"column":1}},"line":3}},"branchMap":{"0":{"loc":{"start":{"line":5,"column":24},"end":{"line":5,"column":110}},"type":"binary-expr","locations":[{"start":{"line":5,"column":25},"end":{"line":5,"column":50}},{"start":{"line":5,"column":54},"end":{"line":5,"column":101}},{"start":{"line":5,"column":106},"end":{"line":5,"column":110}}],"line":5}},"s":{"0":1,"1":2,"2":2,"3":2},"f":{"0":2},"b":{"0":[2,1,1]},"_coverageSchema":"1a1c01bbd47fc00a2c39e90264f33305004495a9","hash":"0a9fed1a1f4e35c4961feda63a04352094e12321"}
,"/home/lven/OLD_PK/test_Syntech/src/utils/localeRegexp.js": {"path":"/home/lven/OLD_PK/test_Syntech/src/utils/localeRegexp.js","statementMap":{"0":{"start":{"line":1,"column":28},"end":{"line":1,"column":77}}},"fnMap":{},"branchMap":{},"s":{"0":1},"f":{},"b":{},"_coverageSchema":"1a1c01bbd47fc00a2c39e90264f33305004495a9","hash":"cc234bbc526c495ce8af544c9a6917296a23b4dd"}
}
