TN:
SF:src/components/Form/Form.jsx
FN:30,(anonymous_0)
FN:36,(anonymous_1)
FN:41,(anonymous_2)
FN:93,(anonymous_3)
FN:94,(anonymous_4)
FN:95,(anonymous_5)
FN:119,(anonymous_6)
FN:129,(anonymous_7)
FN:158,(anonymous_8)
FNF:9
FNH:6
FNDA:7,(anonymous_0)
FNDA:22,(anonymous_1)
FNDA:3,(anonymous_2)
FNDA:0,(anonymous_3)
FNDA:0,(anonymous_4)
FNDA:0,(anonymous_5)
FNDA:1,(anonymous_6)
FNDA:1,(anonymous_7)
FNDA:1,(anonymous_8)
DA:28,2
DA:30,2
DA:33,7
DA:34,7
DA:35,7
DA:36,22
DA:37,7
DA:38,7
DA:39,7
DA:41,7
DA:42,3
DA:44,1
DA:45,1
DA:46,1
DA:50,1
DA:51,1
DA:52,1
DA:56,1
DA:60,7
DA:93,0
DA:94,0
DA:95,0
DA:120,1
DA:130,1
DA:159,1
LF:25
LH:22
BRDA:42,0,0,1
BRDA:42,0,1,1
BRDA:42,0,2,1
BRDA:67,1,0,3
BRDA:67,1,1,4
BRDA:81,2,0,5
BRDA:81,2,1,2
BRDA:84,3,0,2
BRDA:84,3,1,5
BRDA:90,4,0,2
BRDA:90,4,1,5
BRDA:106,5,0,3
BRDA:106,5,1,4
BRDA:151,6,0,3
BRDA:151,6,1,4
BRDA:152,7,0,3
BRDA:152,7,1,4
BRDA:159,8,0,1
BRDA:159,8,1,0
BRDA:162,9,0,2
BRDA:162,9,1,5
BRF:21
BRH:20
end_of_record
TN:
SF:src/components/Form/index.js
FN:5,(anonymous_0)
FN:9,(anonymous_1)
FNF:2
FNH:2
FNDA:1,(anonymous_0)
FNDA:1,(anonymous_1)
DA:5,1
DA:10,1
LF:2
LH:2
BRDA:10,0,0,0
BRDA:10,0,1,1
BRF:2
BRH:1
end_of_record
TN:
SF:src/components/Form/styles.js
FNF:0
FNH:0
DA:3,2
LF:1
LH:1
BRF:0
BRH:0
end_of_record
TN:
SF:src/components/Form/validation.js
FN:3,(anonymous_0)
FN:43,(anonymous_1)
FNF:2
FNH:2
FNDA:9,(anonymous_0)
FNDA:7,(anonymous_1)
DA:3,3
DA:8,9
DA:10,9
DA:12,9
DA:13,1
DA:16,8
DA:17,1
DA:22,7
DA:23,1
DA:26,6
DA:27,1
DA:30,5
DA:31,1
DA:34,4
DA:35,1
DA:40,3
DA:43,3
DA:48,7
DA:50,7
DA:51,1
DA:54,6
DA:55,1
DA:58,5
DA:59,1
DA:64,4
DA:66,4
DA:67,1
DA:70,3
DA:71,1
DA:74,2
DA:75,1
DA:80,1
DA:81,1
DA:82,1
DA:85,1
DA:86,1
DA:87,1
DA:90,1
DA:91,0
DA:98,1
LF:40
LH:39
BRDA:12,0,0,1
BRDA:12,0,1,8
BRDA:16,1,0,1
BRDA:16,1,1,7
BRDA:16,2,0,8
BRDA:16,2,1,7
BRDA:16,2,2,7
BRDA:22,3,0,1
BRDA:22,3,1,6
BRDA:26,4,0,1
BRDA:26,4,1,5
BRDA:30,5,0,1
BRDA:30,5,1,4
BRDA:34,6,0,1
BRDA:34,6,1,3
BRDA:50,7,0,1
BRDA:50,7,1,6
BRDA:54,8,0,1
BRDA:54,8,1,5
BRDA:58,9,0,1
BRDA:58,9,1,4
BRDA:66,10,0,1
BRDA:66,10,1,3
BRDA:70,11,0,1
BRDA:70,11,1,2
BRDA:74,12,0,1
BRDA:74,12,1,1
BRDA:86,13,0,1
BRDA:86,13,1,0
BRDA:90,14,0,0
BRDA:90,14,1,1
BRF:31
BRH:29
end_of_record
TN:
SF:src/components/Form/partitions/FieldInput/FieldInput.jsx
FN:10,(anonymous_0)
FN:26,(anonymous_1)
FNF:2
FNH:2
FNDA:6,(anonymous_0)
FNDA:9,(anonymous_1)
DA:10,1
DA:15,6
DA:26,1
DA:27,9
DA:29,9
LF:5
LH:5
BRDA:21,0,0,6
BRDA:21,0,1,0
BRF:2
BRH:1
end_of_record
TN:
SF:src/components/Form/partitions/FieldInput/index.js
FN:4,(anonymous_0)
FNF:1
FNH:1
FNDA:6,(anonymous_0)
DA:4,6
LF:1
LH:1
BRF:0
BRH:0
end_of_record
TN:
SF:src/components/Form/partitions/FieldInput/styles.js
FNF:0
FNH:0
DA:3,1
LF:1
LH:1
BRF:0
BRH:0
end_of_record
TN:
SF:src/components/Form/partitions/GenderGroup/GenderGroup.jsx
FN:10,(anonymous_0)
FN:13,(anonymous_1)
FNF:2
FNH:2
FNDA:1,(anonymous_0)
FNDA:4,(anonymous_1)
DA:10,1
DA:11,1
DA:12,1
DA:13,4
DA:15,1
LF:5
LH:5
BRDA:20,0,0,1
BRDA:20,0,1,0
BRDA:21,1,0,1
BRDA:21,1,1,0
BRDA:39,2,0,0
BRDA:39,2,1,1
BRDA:40,3,0,0
BRDA:40,3,1,1
BRDA:58,4,0,0
BRDA:58,4,1,1
BRDA:59,5,0,0
BRDA:59,5,1,1
BRF:12
BRH:6
end_of_record
TN:
SF:src/components/Form/partitions/GenderGroup/index.js
FN:4,(anonymous_0)
FNF:1
FNH:1
FNDA:1,(anonymous_0)
DA:4,2
LF:1
LH:1
BRF:0
BRH:0
end_of_record
TN:
SF:src/components/Form/partitions/GenderGroup/styles.js
FNF:0
FNH:0
DA:3,1
LF:1
LH:1
BRF:0
BRH:0
end_of_record
TN:
SF:src/components/Form/partitions/Select/Select.jsx
FN:7,(anonymous_0)
FN:20,(anonymous_1)
FNF:2
FNH:2
FNDA:1,(anonymous_0)
FNDA:1,(anonymous_1)
DA:7,1
DA:13,1
DA:20,1
DA:21,1
LF:4
LH:4
BRF:0
BRH:0
end_of_record
TN:
SF:src/components/Form/partitions/Select/index.js
FN:4,(anonymous_0)
FNF:1
FNH:1
FNDA:1,(anonymous_0)
DA:4,2
LF:1
LH:1
BRF:0
BRH:0
end_of_record
TN:
SF:src/components/withErrorHandler/index.jsx
FN:3,withErrorHandler
FN:5,(anonymous_1)
FN:13,(anonymous_2)
FN:22,(anonymous_3)
FNF:4
FNH:4
FNDA:9,withErrorHandler
FNDA:11,(anonymous_1)
FNDA:1,(anonymous_2)
FNDA:60,(anonymous_3)
DA:6,11
DA:8,11
DA:14,1
DA:15,1
DA:17,1
DA:25,60
DA:27,60
DA:28,1
DA:31,59
DA:35,9
LF:10
LH:10
BRDA:27,0,0,1
BRDA:27,0,1,59
BRF:2
BRH:2
end_of_record
TN:
SF:src/pages/Main/Main.jsx
FN:5,(anonymous_0)
FNF:1
FNH:1
FNDA:1,(anonymous_0)
DA:5,1
DA:6,1
LF:2
LH:2
BRF:0
BRH:0
end_of_record
TN:
SF:src/pages/Main/index.js
FNF:0
FNH:0
LF:0
LH:0
BRF:0
BRH:0
end_of_record
TN:
SF:src/reducers/index.js
FNF:0
FNH:0
LF:0
LH:0
BRF:0
BRH:0
end_of_record
TN:
SF:src/store/index.js
FN:6,(anonymous_0)
FNF:1
FNH:1
FNDA:3,(anonymous_0)
DA:6,3
DA:7,3
DA:9,3
DA:14,3
LF:4
LH:4
BRDA:6,0,0,3
BRDA:9,1,0,3
BRDA:9,1,1,0
BRDA:9,2,0,3
BRDA:9,2,1,3
BRF:5
BRH:4
end_of_record
TN:
SF:src/utils/getLocalesFromUrl.js
FN:3,(anonymous_0)
FNF:1
FNH:1
FNDA:2,(anonymous_0)
DA:3,1
DA:4,2
DA:5,2
DA:7,2
LF:4
LH:4
BRDA:5,0,0,2
BRDA:5,0,1,1
BRDA:5,0,2,1
BRF:3
BRH:3
end_of_record
TN:
SF:src/utils/localeRegexp.js
FNF:0
FNH:0
DA:1,1
LF:1
LH:1
BRF:0
BRH:0
end_of_record
